<?xml version="1.0" encoding="UTF-8"?>
<testng-results skipped="0" failed="0" ignored="0" total="1" passed="1">
  <reporter-output>
  </reporter-output>
  <suite name="ADD CATEGORY TESTING" duration-ms="17151" started-at="2021-07-11T11:31:03 CDT" finished-at="2021-07-11T11:31:20 CDT">
    <groups>
    </groups>
    <test name="regression testing" duration-ms="17151" started-at="2021-07-11T11:31:03 CDT" finished-at="2021-07-11T11:31:20 CDT">
      <class name="testing.Add_category_testing">
        <test-method status="PASS" signature="add_category_testing(java.lang.String)[pri:0, instance:testing.Add_category_testing@2bea5ab4]" name="add_category_testing" duration-ms="17032" started-at="2021-07-11T11:31:03 CDT" finished-at="2021-07-11T11:31:20 CDT">
          <params>
            <param index="0">
              <value>
                <![CDATA[New Category generated by Alain]]>
              </value>
            </param>
          </params>
          <reporter-output>
          </reporter-output>
        </test-method> <!-- add_category_testing -->
      </class> <!-- testing.Add_category_testing -->
    </test> <!-- regression testing -->
  </suite> <!-- ADD CATEGORY TESTING -->
</testng-results>
